\BOOKMARK [0][-]{chapter*.1}{Lista de Tabelas}{}% 1
\BOOKMARK [0][-]{chapter*.2}{Lista de Figuras}{}% 2
\BOOKMARK [0][-]{chapter*.3}{Lista de C\363digos}{}% 3
\BOOKMARK [0][-]{chapter.1}{Introdu\347\343o}{}% 4
\BOOKMARK [1][-]{section.1.1}{Objetivos}{chapter.1}% 5
\BOOKMARK [1][-]{section.1.2}{Justificativa}{chapter.1}% 6
\BOOKMARK [1][-]{section.1.3}{Metodologia}{chapter.1}% 7
\BOOKMARK [1][-]{section.1.4}{Cronograma}{chapter.1}% 8
\BOOKMARK [1][-]{section.1.5}{Organiza\347\343o do Documento}{chapter.1}% 9
\BOOKMARK [0][-]{chapter.2}{Fundamenta\347\343o Te\363rica}{}% 10
\BOOKMARK [1][-]{section.2.1}{Smart TVs}{chapter.2}% 11
\BOOKMARK [1][-]{section.2.2}{Classifica\347\343o Indicativa para Conte\372do Televisivo}{chapter.2}% 12
\BOOKMARK [1][-]{section.2.3}{Machine Learning}{chapter.2}% 13
\BOOKMARK [1][-]{section.2.4}{Redes Neurais Artificiais}{chapter.2}% 14
\BOOKMARK [1][-]{section.2.5}{Deep Learning}{chapter.2}% 15
\BOOKMARK [2][-]{subsection.2.5.1}{Breve Hist\363rico}{section.2.5}% 16
\BOOKMARK [2][-]{subsection.2.5.2}{Redes Neurais Convolucionais}{section.2.5}% 17
\BOOKMARK [2][-]{subsection.2.5.3}{Modelos Can\364nicos de Redes Neurais Convolucionais}{section.2.5}% 18
\BOOKMARK [2][-]{subsection.2.5.4}{Transfer Learning}{section.2.5}% 19
\BOOKMARK [1][-]{section.2.6}{Tecnologias Utilizadas}{chapter.2}% 20
\BOOKMARK [0][-]{chapter.3}{Trabalhos Relacionados}{}% 21
\BOOKMARK [0][-]{chapter.4}{Solu\347\343o Proposta}{}% 22
\BOOKMARK [1][-]{section.4.1}{Tarefa de Aprendizado}{chapter.4}% 23
\BOOKMARK [1][-]{section.4.2}{Conjunto de Dados}{chapter.4}% 24
\BOOKMARK [1][-]{section.4.3}{Limpeza e Pr\351-processamento dos dados}{chapter.4}% 25
\BOOKMARK [1][-]{section.4.4}{Modelos de CNN Considerados}{chapter.4}% 26
\BOOKMARK [0][-]{chapter.5}{Resultados}{}% 27
\BOOKMARK [0][-]{chapter.6}{Considera\347\365es Finais}{}% 28
