This is pdfTeX, Version 3.14159265-2.6-1.40.16 (TeX Live 2015/Debian) (preloaded format=pdflatex 2018.3.22)  27 MAR 2018 09:15
entering extended mode
 \write18 enabled.
 file:line:error style messages enabled.
 %&-line parsing enabled.
**sbc-template.sty
(./sbc-template.sty
LaTeX2e <2016/02/01>
Babel <3.9q> and hyphenation patterns for 81 language(s) loaded.

LaTeX Warning: You have requested package `',
               but the package provides `sbc-template'.

Package: sbc-template 2001/06/09
(/usr/share/texlive/texmf-dist/tex/latex/geometry/geometry.sty
Package: geometry 2010/09/12 v5.6 Page Geometry

(/usr/share/texlive/texmf-dist/tex/latex/graphics/keyval.sty
Package: keyval 2014/10/28 v1.15 key=value parser (DPC)
\KV@toks@=\toks14
)
(/usr/share/texlive/texmf-dist/tex/generic/oberdiek/ifpdf.sty
Package: ifpdf 2011/01/30 v2.3 Provides the ifpdf switch (HO)
Package ifpdf Info: pdfTeX in PDF mode is detected.
)
(/usr/share/texlive/texmf-dist/tex/generic/oberdiek/ifvtex.sty
Package: ifvtex 2010/03/01 v1.5 Detect VTeX and its facilities (HO)
Package ifvtex Info: VTeX not detected.
)
(/usr/share/texlive/texmf-dist/tex/generic/ifxetex/ifxetex.sty
Package: ifxetex 2010/09/12 v0.6 Provides ifxetex conditional
)
\Gm@cnth=\count79
\Gm@cntv=\count80
\c@Gm@tempcnt=\count81
\Gm@bindingoffset=\dimen102
\Gm@wd@mp=\dimen103
\Gm@odd@mp=\dimen104
\Gm@even@mp=\dimen105
\Gm@layoutwidth=\dimen106
\Gm@layoutheight=\dimen107
\Gm@layouthoffset=\dimen108
\Gm@layoutvoffset=\dimen109
\Gm@dimlist=\toks15

/usr/share/texlive/texmf-dist/tex/latex/geometry/geometry.sty:992: Missing \end
csname inserted.
<to be read again> 
                   \@classoptionslist 
l.992 \ProcessOptionsKV[c]{Gm}
                              %
The control sequence marked <to be read again> should
not appear between \csname and \endcsname.

/usr/share/texlive/texmf-dist/tex/latex/geometry/geometry.sty:992: Extra \endcs
name.
\@ifundefined ...dafter \ifx \csname #1\endcsname 
                                                  \relax \expandafter \@firs...
l.992 \ProcessOptionsKV[c]{Gm}
                              %
I'm ignoring this, since I wasn't doing a \csname.

) (/usr/share/texlive/texmf-dist/tex/latex/psnfss/times.sty
Package: times 2005/04/12 PSNFSS-v9.2a (SPQR) 
)
\c@instn=\count82


./sbc-template.sty:47: LaTeX Error: Environment thebibliography undefined.

See the LaTeX manual or LaTeX Companion for explanation.
Type  H <return>  for immediate help.
 ...                                              
                                                  
l.47 \renewenvironment{thebibliography}
                                       [1]
Try typing  <return>  to proceed.
If that doesn't work, type  X <return>  to quit.


./sbc-template.sty:85: LaTeX Error: Missing \begin{document}.

See the LaTeX manual or LaTeX Companion for explanation.
Type  H <return>  for immediate help.
 ...                                              
                                                  
l.85 \let\@li
             sti\@listI
You're in trouble here.  Try typing  <return>  to proceed.
If that doesn't work, type  X <return>  to quit.

Missing character: There is no i in font nullfont!
Missing character: There is no s in font nullfont!
Missing character: There is no t in font nullfont!
Missing character: There is no i in font nullfont!
Missing character: There is no l in font nullfont!
Missing character: There is no l in font nullfont!
Missing character: There is no i in font nullfont!
Missing character: There is no s in font nullfont!
Missing character: There is no t in font nullfont!
Missing character: There is no I in font nullfont!
Missing character: There is no l in font nullfont!
Missing character: There is no l in font nullfont!
Missing character: There is no i in font nullfont!
Missing character: There is no s in font nullfont!
Missing character: There is no t in font nullfont!
Missing character: There is no i in font nullfont!

Overfull \hbox (31.2982pt too wide) in paragraph at lines 85--97
[]
 []


./sbc-template.sty:100: LaTeX Error: \section undefined.

See the LaTeX manual or LaTeX Companion for explanation.
Type  H <return>  for immediate help.
 ...                                              
                                                  
l.100 \renewcommand\section
                           {\@startsection{section}{1}{\z@}%
Try typing  <return>  to proceed.
If that doesn't work, type  X <return>  to quit.


./sbc-template.sty:106: LaTeX Error: \subsection undefined.

See the LaTeX manual or LaTeX Companion for explanation.
Type  H <return>  for immediate help.
 ...                                              
                                                  
l.106 \renewcommand\subsection
                              {\@startsection{subsection}{2}{\z@}%
Try typing  <return>  to proceed.
If that doesn't work, type  X <return>  to quit.

(/usr/share/texlive/texmf-dist/tex/latex/titlesec/titlesec.sty
Package: titlesec 2016/03/15 v2.10.1 Sectioning titles
\ttl@box=\box26
\beforetitleunit=\skip41
\aftertitleunit=\skip42
\ttl@plus=\dimen110
\ttl@minus=\dimen111
\ttl@toksa=\toks16
\titlewidth=\dimen112
\titlewidthlast=\dimen113
\titlewidthfirst=\dimen114


Package titlesec Warning: Non standard sectioning command detected
(titlesec)                Using default spacing and no format.


Package titlesec Warning: Non standard sectioning command detected
(titlesec)                Using default spacing and no format.

/usr/share/texlive/texmf-dist/tex/latex/titlesec/titlesec.sty:1288: Undefined c
ontrol sequence.
<argument> \subsubsection 
                          
l.1288 \ttl@extract\subsubsection
                                 
The control sequence at the end of the top line
of your error message was never \def'ed. If you have
misspelled it (e.g., `\hobx'), type `I' and the correct
spelling (e.g., `I\hbox'). Otherwise just continue,
and I'll forget about whatever was undefined.


Package titlesec Warning: Non standard sectioning command detected
(titlesec)                Using default spacing and no format.

/usr/share/texlive/texmf-dist/tex/latex/titlesec/titlesec.sty:1289: Undefined c
ontrol sequence.
<argument> \paragraph 
                      
l.1289 \ttl@extract\paragraph
                             
The control sequence at the end of the top line
of your error message was never \def'ed. If you have
misspelled it (e.g., `\hobx'), type `I' and the correct
spelling (e.g., `I\hbox'). Otherwise just continue,
and I'll forget about whatever was undefined.


Package titlesec Warning: Non standard sectioning command detected
(titlesec)                Using default spacing and no format.

/usr/share/texlive/texmf-dist/tex/latex/titlesec/titlesec.sty:1290: Undefined c
ontrol sequence.
<argument> \subparagraph 
                         
l.1290 \ttl@extract\subparagraph
                                
The control sequence at the end of the top line
of your error message was never \def'ed. If you have
misspelled it (e.g., `\hobx'), type `I' and the correct
spelling (e.g., `I\hbox'). Otherwise just continue,
and I'll forget about whatever was undefined.


Package titlesec Warning: Non standard sectioning command detected
(titlesec)                Using default spacing and no format.

)

./sbc-template.sty:144: LaTeX Error: \maketitle undefined.

See the LaTeX manual or LaTeX Companion for explanation.
Type  H <return>  for immediate help.
 ...                                              
                                                  
l.144 \renewcommand{\maketitle}
                               {\maketitleOLD\thispagestyle{empty}}
Try typing  <return>  to proceed.
If that doesn't work, type  X <return>  to quit.


./sbc-template.sty:146: LaTeX Error: Environment abstract undefined.

See the LaTeX manual or LaTeX Companion for explanation.
Type  H <return>  for immediate help.
 ...                                              
                                                  
l.146 \renewenvironment{abstract}
                                 {%
Try typing  <return>  to proceed.
If that doesn't work, type  X <return>  to quit.

)
! Emergency stop.
<*> sbc-template.sty
                    
*** (job aborted, no legal \end found)

 
Here is how much of TeX's memory you used:
 828 strings out of 493029
 11676 string characters out of 6136234
 70102 words of memory out of 5000000
 4436 multiletter control sequences out of 15000+600000
 3640 words of font info for 14 fonts, out of 8000000 for 9000
 1141 hyphenation exceptions out of 8191
 23i,0n,19p,136b,15s stack positions out of 5000i,500n,10000p,200000b,80000s
!  ==> Fatal error occurred, no output PDF file produced!
