This is pdfTeX, Version 3.14159265-2.6-1.40.19 (TeX Live 2019/dev/Debian) (preloaded format=pdflatex 2018.6.18)  16 JUL 2018 16:34
entering extended mode
 restricted \write18 enabled.
 file:line:error style messages enabled.
 %&-line parsing enabled.
**fichaCatalografica.tex
(/home/nicoli/github/nicoli-tcc/tcc2/template-texto/source/fichaCatalografica.tex
LaTeX2e <2018-04-01> patch level 4
Babel <3.20> and hyphenation patterns for 84 language(s) loaded.

/home/nicoli/github/nicoli-tcc/tcc2/template-texto/source/fichaCatalografica.tex:2: LaTeX Error: Environment spacing undefined.

See the LaTeX manual or LaTeX Companion for explanation.
Type  H <return>  for immediate help.
 ...                                              
                                                  
l.2 \begin{spacing}
                   {1.4}
Your command was ignored.
Type  I <command> <return>  to replace it with another command,
or  <return>  to continue without it.


/home/nicoli/github/nicoli-tcc/tcc2/template-texto/source/fichaCatalografica.tex:2: LaTeX Error: Missing \begin{document}.

See the LaTeX manual or LaTeX Companion for explanation.
Type  H <return>  for immediate help.
 ...                                              
                                                  
l.2 \begin{spacing}{1
                     .4}
You're in trouble here.  Try typing  <return>  to proceed.
If that doesn't work, type  X <return>  to quit.

Missing character: There is no 1 in font nullfont!
Missing character: There is no . in font nullfont!
Missing character: There is no 4 in font nullfont!

Overfull \hbox (20.0pt too wide) in paragraph at lines 2--32
[] 
 []


Overfull \hbox (66.0049pt too wide) in paragraph at lines 2--32
\OT1/cmr/bx/it/10 Universidade
 []


Overfull \hbox (11.82208pt too wide) in paragraph at lines 2--32
\OT1/cmr/bx/it/10 do
 []


Overfull \hbox (16.58038pt too wide) in paragraph at lines 2--32
\OT1/cmr/bx/it/10 Es-
 []


Overfull \hbox (21.58308pt too wide) in paragraph at lines 2--32
\OT1/cmr/bx/it/10 tado
 []


Overfull \hbox (11.82208pt too wide) in paragraph at lines 2--32
\OT1/cmr/bx/it/10 do
 []


Overfull \hbox (27.86082pt too wide) in paragraph at lines 2--32
\OT1/cmr/bx/it/10 Ama-
 []


Overfull \hbox (28.09694pt too wide) in paragraph at lines 2--32
\OT1/cmr/bx/it/10 zonas
 []


Overfull \hbox (4.14441pt too wide) in paragraph at lines 2--32
\OT1/cmr/bx/it/10 -
 []


Overfull \hbox (25.0303pt too wide) in paragraph at lines 2--32
\OT1/cmr/bx/it/10 UEA 
 []


Overfull \hbox (31.95795pt too wide) in paragraph at lines 2--32
\OT1/cmr/bx/it/10 Escola
 []


Overfull \hbox (16.84984pt too wide) in paragraph at lines 2--32
\OT1/cmr/bx/it/10 Su-
 []


Overfull \hbox (14.78871pt too wide) in paragraph at lines 2--32
\OT1/cmr/bx/it/10 pe-
 []


Overfull \hbox (19.49986pt too wide) in paragraph at lines 2--32
\OT1/cmr/bx/it/10 rior
 []


Overfull \hbox (11.2332pt too wide) in paragraph at lines 2--32
\OT1/cmr/bx/it/10 de
 []


Overfull \hbox (21.27751pt too wide) in paragraph at lines 2--32
\OT1/cmr/bx/it/10 Tec-
 []


Overfull \hbox (25.43306pt too wide) in paragraph at lines 2--32
\OT1/cmr/bx/it/10 nolo-
 []


Overfull \hbox (14.78873pt too wide) in paragraph at lines 2--32
\OT1/cmr/bx/it/10 gia
 []


Overfull \hbox (4.14441pt too wide) in paragraph at lines 2--32
\OT1/cmr/bx/it/10 -
 []


Overfull \hbox (23.31783pt too wide) in paragraph at lines 2--32
\OT1/cmr/bx/it/10 EST 
 []


Overfull \hbox (30.16644pt too wide) in paragraph at lines 2--32
\OT1/cmr/m/it/10 Reitor: 
 []


Overfull \hbox (47.31058pt too wide) in paragraph at lines 2--32
\OT1/cmr/bx/it/10 Cleinaldo
 []


Overfull \hbox (11.2332pt too wide) in paragraph at lines 2--32
\OT1/cmr/bx/it/10 de
 []


Overfull \hbox (41.47177pt too wide) in paragraph at lines 2--32
\OT1/cmr/bx/it/10 Almeida
 []


Overfull \hbox (28.80801pt too wide) in paragraph at lines 2--32
\OT1/cmr/bx/it/10 Costa 
 []


Overfull \hbox (22.76648pt too wide) in paragraph at lines 2--32
\OT1/cmr/m/it/10 Vice-
 []


Overfull \hbox (30.16644pt too wide) in paragraph at lines 2--32
\OT1/cmr/m/it/10 Reitor: 
 []


Overfull \hbox (26.31636pt too wide) in paragraph at lines 2--32
\OT1/cmr/bx/it/10 Cleto
 []


Overfull \hbox (23.64418pt too wide) in paragraph at lines 2--32
\OT1/cmr/bx/it/10 Cav-
 []


Overfull \hbox (13.02208pt too wide) in paragraph at lines 2--32
\OT1/cmr/bx/it/10 al-
 []


Overfull \hbox (26.31636pt too wide) in paragraph at lines 2--32
\OT1/cmr/bx/it/10 cante
 []


Overfull \hbox (21.08588pt too wide) in paragraph at lines 2--32
\OT1/cmr/bx/it/10 Leal 
 []


Overfull \hbox (14.19434pt too wide) in paragraph at lines 2--32
\OT1/cmr/m/it/10 Di-
 []


Overfull \hbox (11.88321pt too wide) in paragraph at lines 2--32
\OT1/cmr/m/it/10 re-
 []


Overfull \hbox (12.6499pt too wide) in paragraph at lines 2--32
\OT1/cmr/m/it/10 tor
 []


Overfull \hbox (10.22217pt too wide) in paragraph at lines 2--32
\OT1/cmr/m/it/10 da
 []


Overfull \hbox (14.4499pt too wide) in paragraph at lines 2--32
\OT1/cmr/m/it/10 Es-
 []


Overfull \hbox (16.86655pt too wide) in paragraph at lines 2--32
\OT1/cmr/m/it/10 cola
 []


Overfull \hbox (14.56657pt too wide) in paragraph at lines 2--32
\OT1/cmr/m/it/10 Su-
 []


Overfull \hbox (12.77766pt too wide) in paragraph at lines 2--32
\OT1/cmr/m/it/10 pe-
 []


Overfull \hbox (16.611pt too wide) in paragraph at lines 2--32
\OT1/cmr/m/it/10 rior
 []


Overfull \hbox (9.71104pt too wide) in paragraph at lines 2--32
\OT1/cmr/m/it/10 de
 []


Overfull \hbox (18.65538pt too wide) in paragraph at lines 2--32
\OT1/cmr/m/it/10 Tec-
 []


Overfull \hbox (21.97765pt too wide) in paragraph at lines 2--32
\OT1/cmr/m/it/10 nolo-
 []


Overfull \hbox (15.84435pt too wide) in paragraph at lines 2--32
\OT1/cmr/m/it/10 gia: 
 []


Overfull \hbox (31.12192pt too wide) in paragraph at lines 2--32
\OT1/cmr/bx/it/10 M^^Sario
 []


Overfull \hbox (18.71092pt too wide) in paragraph at lines 2--32
\OT1/cmr/bx/it/10 Au-
 []


Overfull \hbox (26.15805pt too wide) in paragraph at lines 2--32
\OT1/cmr/bx/it/10 gusto
 []


Overfull \hbox (29.1386pt too wide) in paragraph at lines 2--32
\OT1/cmr/bx/it/10 Bessa
 []


Overfull \hbox (11.2332pt too wide) in paragraph at lines 2--32
\OT1/cmr/bx/it/10 de
 []


Overfull \hbox (54.18001pt too wide) in paragraph at lines 2--32
\OT1/cmr/bx/it/10 Figueir^edo 
 []


Overfull \hbox (15.84433pt too wide) in paragraph at lines 2--32
\OT1/cmr/m/it/10 Co-
 []


Overfull \hbox (12.90546pt too wide) in paragraph at lines 2--32
\OT1/cmr/m/it/10 or-
 []


Overfull \hbox (13.28879pt too wide) in paragraph at lines 2--32
\OT1/cmr/m/it/10 de-
 []


Overfull \hbox (25.17207pt too wide) in paragraph at lines 2--32
\OT1/cmr/m/it/10 nador
 []


Overfull \hbox (10.22217pt too wide) in paragraph at lines 2--32
\OT1/cmr/m/it/10 do
 []


Overfull \hbox (25.93872pt too wide) in paragraph at lines 2--32
\OT1/cmr/m/it/10 Curso
 []


Overfull \hbox (9.71104pt too wide) in paragraph at lines 2--32
\OT1/cmr/m/it/10 de
 []


Overfull \hbox (15.98323pt too wide) in paragraph at lines 2--32
\OT1/cmr/m/it/10 En-
 []


Overfull \hbox (18.39986pt too wide) in paragraph at lines 2--32
\OT1/cmr/m/it/10 gen-
 []


Overfull \hbox (22.61653pt too wide) in paragraph at lines 2--32
\OT1/cmr/m/it/10 haria
 []


Overfull \hbox (9.71104pt too wide) in paragraph at lines 2--32
\OT1/cmr/m/it/10 de
 []


Overfull \hbox (24.02206pt too wide) in paragraph at lines 2--32
\OT1/cmr/m/it/10 Com-
 []


Overfull \hbox (36.79977pt too wide) in paragraph at lines 2--32
\OT1/cmr/m/it/10 puta^^Xc~ao: 
 []


Overfull \hbox (44.56065pt too wide) in paragraph at lines 2--32
\OT1/cmr/bx/it/10 Salvador 
 []


Overfull \hbox (15.84433pt too wide) in paragraph at lines 2--32
\OT1/cmr/m/it/10 Co-
 []


Overfull \hbox (12.90546pt too wide) in paragraph at lines 2--32
\OT1/cmr/m/it/10 or-
 []


Overfull \hbox (13.28879pt too wide) in paragraph at lines 2--32
\OT1/cmr/m/it/10 de-
 []


Overfull \hbox (25.17207pt too wide) in paragraph at lines 2--32
\OT1/cmr/m/it/10 nador
 []


Overfull \hbox (10.22217pt too wide) in paragraph at lines 2--32
\OT1/cmr/m/it/10 da
 []


Overfull \hbox (18.2832pt too wide) in paragraph at lines 2--32
\OT1/cmr/m/it/10 Dis-
 []


Overfull \hbox (11.24435pt too wide) in paragraph at lines 2--32
\OT1/cmr/m/it/10 ci-
 []


Overfull \hbox (21.46655pt too wide) in paragraph at lines 2--32
\OT1/cmr/m/it/10 plina
 []


Overfull \hbox (19.17763pt too wide) in paragraph at lines 2--32
\OT1/cmr/m/it/10 Pro-
 []


Overfull \hbox (16.09988pt too wide) in paragraph at lines 2--32
\OT1/cmr/m/it/10 jeto
 []


Overfull \hbox (13.17212pt too wide) in paragraph at lines 2--32
\OT1/cmr/m/it/10 Fi-
 []


Overfull \hbox (16.35547pt too wide) in paragraph at lines 2--32
\OT1/cmr/m/it/10 nal: 
 []


Overfull \hbox (41.56071pt too wide) in paragraph at lines 2--32
\OT1/cmr/bx/it/10 Jucimar
 []


Overfull \hbox (26.10527pt too wide) in paragraph at lines 2--32
\OT1/cmr/bx/it/10 Maia
 []


Overfull \hbox (11.82208pt too wide) in paragraph at lines 2--32
\OT1/cmr/bx/it/10 da
 []


Overfull \hbox (24.2553pt too wide) in paragraph at lines 2--32
\OT1/cmr/bx/it/10 Silva
 []


Overfull \hbox (34.40526pt too wide) in paragraph at lines 2--32
\OT1/cmr/bx/it/10 J^^Sunior 
 []


Overfull \hbox (26.97205pt too wide) in paragraph at lines 2--32
\OT1/cmr/m/it/10 Banca
 []


Overfull \hbox (26.0887pt too wide) in paragraph at lines 2--32
\OT1/cmr/m/it/10 Avali-
 []


Overfull \hbox (24.14984pt too wide) in paragraph at lines 2--32
\OT1/cmr/m/it/10 adora
 []


Overfull \hbox (20.9554pt too wide) in paragraph at lines 2--32
\OT1/cmr/m/it/10 com-
 []


Overfull \hbox (22.23318pt too wide) in paragraph at lines 2--32
\OT1/cmr/m/it/10 posta
 []


Overfull \hbox (16.99432pt too wide) in paragraph at lines 2--32
\OT1/cmr/m/it/10 por:
 []


Overfull \hbox (21.0943pt too wide) in paragraph at lines 2--32
\OT1/cmr/m/it/10 Data
 []


Overfull \hbox (10.22217pt too wide) in paragraph at lines 2--32
\OT1/cmr/m/it/10 da
 []


Overfull \hbox (15.72765pt too wide) in paragraph at lines 2--32
\OT1/cmr/m/it/10 De-
 []


Overfull \hbox (19.93321pt too wide) in paragraph at lines 2--32
\OT1/cmr/m/it/10 fesa:
 []


Overfull \hbox (5.11108pt too wide) in paragraph at lines 2--32
\OT1/cmr/m/it/10 /
 []


Overfull \hbox (28.62207pt too wide) in paragraph at lines 2--32
\OT1/cmr/m/it/10 /2015. 
 []


Overfull \hbox (31.6775pt too wide) in paragraph at lines 2--32
\OT1/cmr/bx/it/10 Profa.
 []


Overfull \hbox (22.64978pt too wide) in paragraph at lines 2--32
\OT1/cmr/bx/it/10 Dra.
 []


Overfull \hbox (25.9108pt too wide) in paragraph at lines 2--32
\OT1/cmr/bx/it/10 Ello^^Sa
 []


Overfull \hbox (23.2387pt too wide) in paragraph at lines 2--32
\OT1/cmr/bx/it/10 Bar-
 []


Overfull \hbox (19.51091pt too wide) in paragraph at lines 2--32
\OT1/cmr/bx/it/10 reto
 []


Overfull \hbox (35.99403pt too wide) in paragraph at lines 2--32
\OT1/cmr/bx/it/10 Guedes
 []


Overfull \hbox (11.82208pt too wide) in paragraph at lines 2--32
\OT1/cmr/bx/it/10 da
 []


Overfull \hbox (28.80801pt too wide) in paragraph at lines 2--32
\OT1/cmr/bx/it/10 Costa
 []


Overfull \hbox (22.61652pt too wide) in paragraph at lines 2--32
\OT1/cmr/m/it/10 (Ori-
 []


Overfull \hbox (13.7999pt too wide) in paragraph at lines 2--32
\OT1/cmr/m/it/10 en-
 []


Overfull \hbox (12.01102pt too wide) in paragraph at lines 2--32
\OT1/cmr/m/it/10 ta-
 []


Overfull \hbox (31.81648pt too wide) in paragraph at lines 2--32
\OT1/cmr/m/it/10 dor(a)) 
 []


Overfull \hbox (25.76646pt too wide) in paragraph at lines 2--32
\OT1/cmr/bx/it/10 Prof.
 []


Overfull \hbox (29.66081pt too wide) in paragraph at lines 2--32
\OT1/cmr/bx/it/10 M.Sc. 
 []


Overfull \hbox (25.76646pt too wide) in paragraph at lines 2--32
\OT1/cmr/bx/it/10 Prof.
 []


Overfull \hbox (29.66081pt too wide) in paragraph at lines 2--32
\OT1/cmr/bx/it/10 M.Sc.
 []

/home/nicoli/github/nicoli-tcc/tcc2/template-texto/source/fichaCatalografica.tex:32: Undefined control sequence.
l.32 \center{\bf
                 CIP -- Catalogação na Publicação}\ \ \\
The control sequence at the end of the top line
of your error message was never \def'ed. If you have
misspelled it (e.g., `\hobx'), type `I' and the correct
spelling (e.g., `I\hbox'). Otherwise just continue,
and I'll forget about whatever was undefined.

Missing character: There is no C in font nullfont!
Missing character: There is no I in font nullfont!
Missing character: There is no P in font nullfont!
Missing character: There is no - in font nullfont!
Missing character: There is no - in font nullfont!
Missing character: There is no C in font nullfont!
Missing character: There is no a in font nullfont!
Missing character: There is no t in font nullfont!
Missing character: There is no a in font nullfont!
Missing character: There is no l in font nullfont!
Missing character: There is no o in font nullfont!
Missing character: There is no g in font nullfont!
Missing character: There is no a in font nullfont!
LaTeX Font Info:    Try loading font information for +cmr on input line 32.
LaTeX Font Info:    No file cmr.fd. on input line 32.

LaTeX Font Warning: Font shape `/cmr/m/n' undefined
(Font)              using `/cmr/m/n' instead on input line 32.

/home/nicoli/github/nicoli-tcc/tcc2/template-texto/source/fichaCatalografica.tex:32: Corrupted NFSS tables.
wrong@fontshape ...message {Corrupted NFSS tables}
                                                  error@fontshape else let f...
l.32 \center{\bf CIP -- Catalogaç
                                  ão na Publicação}\ \ \\
This error message was generated by an \errmessage
command, so I can't give any explicit help.
Pretend that you're Hercule Poirot: Examine all clues,
and deduce the truth by order and method.


LaTeX Font Warning: Font shape `/cmr/m/n' undefined
(Font)              using `OT1/cmr/m/n' instead on input line 32.

Missing character: There is no o in font nullfont!
Missing character: There is no n in font nullfont!
Missing character: There is no a in font nullfont!
Missing character: There is no P in font nullfont!
Missing character: There is no u in font nullfont!
Missing character: There is no b in font nullfont!
Missing character: There is no l in font nullfont!
Missing character: There is no i in font nullfont!
Missing character: There is no c in font nullfont!
Missing character: There is no a in font nullfont!
Missing character: There is no o in font nullfont!

Overfull \hbox (13.8889pt too wide) in paragraph at lines 32--32
 \/cmr/m/n/10 ^^Xc~a 
 []


Overfull \hbox (9.44446pt too wide) in paragraph at lines 32--32
 \/cmr/m/n/10 ^^Xc~a 
 []


/home/nicoli/github/nicoli-tcc/tcc2/template-texto/source/fichaCatalografica.tex:33: LaTeX Error: Environment small undefined.

See the LaTeX manual or LaTeX Companion for explanation.
Type  H <return>  for immediate help.
 ...                                              
                                                  
l.33  \begin{small}
                   
Your command was ignored.
Type  I <command> <return>  to replace it with another command,
or  <return>  to continue without it.

Missing character: There is no L in font nullfont!
Missing character: There is no 8 in font nullfont!
Missing character: There is no 6 in font nullfont!
Missing character: There is no 4 in font nullfont!
Missing character: There is no a in font nullfont!
Missing character: There is no A in font nullfont!
Missing character: There is no R in font nullfont!
Missing character: There is no A in font nullfont!
Missing character: There is no U in font nullfont!
Missing character: There is no J in font nullfont!
Missing character: There is no O in font nullfont!
Missing character: There is no , in font nullfont!
Missing character: There is no N in font nullfont!
Missing character: There is no i in font nullfont!
Missing character: There is no c in font nullfont!
Missing character: There is no o in font nullfont!
Missing character: There is no l in font nullfont!
Missing character: There is no i in font nullfont!
Missing character: There is no P in font nullfont!
Missing character: There is no i in font nullfont!
Missing character: There is no n in font nullfont!
Missing character: There is no h in font nullfont!
Missing character: There is no e in font nullfont!
Missing character: There is no i in font nullfont!
Missing character: There is no r in font nullfont!
Missing character: There is no o in font nullfont!
Missing character: There is no d in font nullfont!
Missing character: There is no e in font nullfont!
Missing character: There is no E in font nullfont!
Missing character: There is no s in font nullfont!
Missing character: There is no t in font nullfont!
Missing character: There is no i in font nullfont!
Missing character: There is no m in font nullfont!
Missing character: There is no a in font nullfont!
Missing character: There is no o in font nullfont!
Missing character: There is no I in font nullfont!
Missing character: There is no n in font nullfont!
Missing character: There is no t in font nullfont!
Missing character: There is no e in font nullfont!
Missing character: There is no l in font nullfont!
Missing character: There is no i in font nullfont!
Missing character: There is no g in font nullfont!
Missing character: There is no e in font nullfont!
Missing character: There is no n in font nullfont!
Missing character: There is no t in font nullfont!
Missing character: There is no e in font nullfont!
Missing character: There is no d in font nullfont!
Missing character: There is no e in font nullfont!
Missing character: There is no I in font nullfont!
Missing character: There is no d in font nullfont!
Missing character: There is no a in font nullfont!
Missing character: There is no d in font nullfont!
Missing character: There is no e in font nullfont!
Missing character: There is no d in font nullfont!
Missing character: There is no e in font nullfont!
Missing character: There is no T in font nullfont!
Missing character: There is no e in font nullfont!
Missing character: There is no l in font nullfont!
Missing character: There is no e in font nullfont!
Missing character: There is no s in font nullfont!
Missing character: There is no p in font nullfont!
Missing character: There is no e in font nullfont!
Missing character: There is no c in font nullfont!
Missing character: There is no t in font nullfont!
Missing character: There is no a in font nullfont!
Missing character: There is no d in font nullfont!
Missing character: There is no o in font nullfont!
Missing character: There is no r in font nullfont!
Missing character: There is no e in font nullfont!
Missing character: There is no s in font nullfont!
Missing character: There is no p in font nullfont!
Missing character: There is no a in font nullfont!
Missing character: There is no r in font nullfont!
Missing character: There is no a in font nullfont!
Missing character: There is no A in font nullfont!
Missing character: There is no p in font nullfont!
Missing character: There is no l in font nullfont!
Missing character: There is no i in font nullfont!
Missing character: There is no c in font nullfont!
Missing character: There is no a in font nullfont!
Missing character: There is no e in font nullfont!
Missing character: There is no s in font nullfont!
Missing character: There is no d in font nullfont!
Missing character: There is no e in font nullfont!
Missing character: There is no S in font nullfont!
Missing character: There is no u in font nullfont!
Missing character: There is no g in font nullfont!
Missing character: There is no e in font nullfont!
Missing character: There is no s in font nullfont!
Missing character: There is no t in font nullfont!
Missing character: There is no o in font nullfont!
Missing character: There is no d in font nullfont!
Missing character: There is no e in font nullfont!
Missing character: There is no C in font nullfont!
Missing character: There is no o in font nullfont!
Missing character: There is no n in font nullfont!
Missing character: There is no t in font nullfont!
Missing character: There is no e in font nullfont!
Missing character: There is no d in font nullfont!
Missing character: There is no o in font nullfont!
Missing character: There is no e in font nullfont!
Missing character: There is no m in font nullfont!
Missing character: There is no T in font nullfont!
Missing character: There is no V in font nullfont!
Missing character: There is no s in font nullfont!
Missing character: There is no / in font nullfont!
Missing character: There is no L in font nullfont!
Missing character: There is no a in font nullfont!
Missing character: There is no n in font nullfont!
Missing character: There is no i in font nullfont!
Missing character: There is no e in font nullfont!
Missing character: There is no r in font nullfont!
Missing character: There is no S in font nullfont!
Missing character: There is no a in font nullfont!
Missing character: There is no n in font nullfont!
Missing character: There is no t in font nullfont!
Missing character: There is no o in font nullfont!
Missing character: There is no s in font nullfont!
Missing character: There is no ; in font nullfont!
Missing character: There is no [ in font nullfont!
Missing character: There is no o in font nullfont!
Missing character: There is no r in font nullfont!
Missing character: There is no i in font nullfont!
Missing character: There is no e in font nullfont!
Missing character: There is no n in font nullfont!
Missing character: There is no t in font nullfont!
Missing character: There is no a in font nullfont!
Missing character: There is no d in font nullfont!
Missing character: There is no o in font nullfont!
Missing character: There is no p in font nullfont!
Missing character: There is no o in font nullfont!
Missing character: There is no r in font nullfont!
Missing character: There is no ] in font nullfont!
Missing character: There is no P in font nullfont!
Missing character: There is no r in font nullfont!
Missing character: There is no o in font nullfont!
Missing character: There is no f in font nullfont!
Missing character: There is no a in font nullfont!
Missing character: There is no . in font nullfont!
Missing character: There is no D in font nullfont!
Missing character: There is no r in font nullfont!
Missing character: There is no a in font nullfont!
Missing character: There is no . in font nullfont!
Missing character: There is no E in font nullfont!
Missing character: There is no l in font nullfont!
Missing character: There is no l in font nullfont!
Missing character: There is no o in font nullfont!
Missing character: There is no B in font nullfont!
Missing character: There is no a in font nullfont!
Missing character: There is no r in font nullfont!
Missing character: There is no r in font nullfont!
Missing character: There is no e in font nullfont!
Missing character: There is no t in font nullfont!
Missing character: There is no o in font nullfont!
Missing character: There is no G in font nullfont!
Missing character: There is no u in font nullfont!
Missing character: There is no e in font nullfont!
Missing character: There is no d in font nullfont!
Missing character: There is no e in font nullfont!
Missing character: There is no s in font nullfont!
Missing character: There is no d in font nullfont!
Missing character: There is no a in font nullfont!
Missing character: There is no C in font nullfont!
Missing character: There is no o in font nullfont!
Missing character: There is no s in font nullfont!
Missing character: There is no t in font nullfont!
Missing character: There is no a in font nullfont!
Missing character: There is no - in font nullfont!
Missing character: There is no - in font nullfont!
Missing character: There is no M in font nullfont!
Missing character: There is no a in font nullfont!
Missing character: There is no n in font nullfont!
Missing character: There is no a in font nullfont!
Missing character: There is no u in font nullfont!
Missing character: There is no s in font nullfont!
Missing character: There is no : in font nullfont!
Missing character: There is no U in font nullfont!
Missing character: There is no E in font nullfont!
Missing character: There is no A in font nullfont!
Missing character: There is no , in font nullfont!
Missing character: There is no 2 in font nullfont!
Missing character: There is no 0 in font nullfont!
Missing character: There is no 1 in font nullfont!
Missing character: There is no 5 in font nullfont!
Missing character: There is no . in font nullfont!
Missing character: There is no 2 in font nullfont!
Missing character: There is no 4 in font nullfont!
Missing character: There is no 0 in font nullfont!
Missing character: There is no p in font nullfont!
Missing character: There is no . in font nullfont!
Missing character: There is no : in font nullfont!
Missing character: There is no i in font nullfont!
Missing character: There is no l in font nullfont!
Missing character: There is no . in font nullfont!
Missing character: There is no ; in font nullfont!
Missing character: There is no 3 in font nullfont!
Missing character: There is no 0 in font nullfont!
Missing character: There is no c in font nullfont!
Missing character: There is no m in font nullfont!
Missing character: There is no I in font nullfont!
Missing character: There is no n in font nullfont!
Missing character: There is no c in font nullfont!
Missing character: There is no l in font nullfont!
Missing character: There is no u in font nullfont!
Missing character: There is no i in font nullfont!
Missing character: There is no B in font nullfont!
Missing character: There is no i in font nullfont!
Missing character: There is no b in font nullfont!
Missing character: There is no l in font nullfont!
Missing character: There is no i in font nullfont!
Missing character: There is no o in font nullfont!
Missing character: There is no g in font nullfont!
Missing character: There is no r in font nullfont!
Missing character: There is no a in font nullfont!
Missing character: There is no f in font nullfont!
Missing character: There is no i in font nullfont!
Missing character: There is no a in font nullfont!
Missing character: There is no T in font nullfont!
Missing character: There is no r in font nullfont!
Missing character: There is no a in font nullfont!
Missing character: There is no b in font nullfont!
Missing character: There is no a in font nullfont!
Missing character: There is no l in font nullfont!
Missing character: There is no h in font nullfont!
Missing character: There is no o in font nullfont!
Missing character: There is no d in font nullfont!
Missing character: There is no e in font nullfont!
Missing character: There is no C in font nullfont!
Missing character: There is no o in font nullfont!
Missing character: There is no n in font nullfont!
Missing character: There is no c in font nullfont!
Missing character: There is no l in font nullfont!
Missing character: There is no u in font nullfont!
Missing character: There is no s in font nullfont!
Missing character: There is no o in font nullfont!
Missing character: There is no d in font nullfont!
Missing character: There is no e in font nullfont!
Missing character: There is no C in font nullfont!
Missing character: There is no u in font nullfont!
Missing character: There is no r in font nullfont!
Missing character: There is no s in font nullfont!
Missing character: There is no o in font nullfont!
Missing character: There is no ( in font nullfont!
Missing character: There is no G in font nullfont!
Missing character: There is no r in font nullfont!
Missing character: There is no a in font nullfont!
Missing character: There is no d in font nullfont!
Missing character: There is no u in font nullfont!
Missing character: There is no a in font nullfont!
Missing character: There is no o in font nullfont!
Missing character: There is no e in font nullfont!
Missing character: There is no m in font nullfont!
Missing character: There is no E in font nullfont!
Missing character: There is no n in font nullfont!
Missing character: There is no g in font nullfont!
Missing character: There is no e in font nullfont!
Missing character: There is no n in font nullfont!
Missing character: There is no h in font nullfont!
Missing character: There is no a in font nullfont!
Missing character: There is no r in font nullfont!
Missing character: There is no i in font nullfont!
Missing character: There is no a in font nullfont!
Missing character: There is no d in font nullfont!
Missing character: There is no e in font nullfont!
Missing character: There is no C in font nullfont!
Missing character: There is no o in font nullfont!
Missing character: There is no m in font nullfont!
Missing character: There is no p in font nullfont!
Missing character: There is no u in font nullfont!
Missing character: There is no t in font nullfont!
Missing character: There is no a in font nullfont!
Missing character: There is no o in font nullfont!
Missing character: There is no ) in font nullfont!
Missing character: There is no . in font nullfont!
Missing character: There is no U in font nullfont!
Missing character: There is no n in font nullfont!
Missing character: There is no i in font nullfont!
Missing character: There is no v in font nullfont!
Missing character: There is no e in font nullfont!
Missing character: There is no r in font nullfont!
Missing character: There is no s in font nullfont!
Missing character: There is no i in font nullfont!
Missing character: There is no d in font nullfont!
Missing character: There is no a in font nullfont!
Missing character: There is no d in font nullfont!
Missing character: There is no e in font nullfont!
Missing character: There is no d in font nullfont!
Missing character: There is no o in font nullfont!
Missing character: There is no E in font nullfont!
Missing character: There is no s in font nullfont!
Missing character: There is no t in font nullfont!
Missing character: There is no a in font nullfont!
Missing character: There is no d in font nullfont!
Missing character: There is no o in font nullfont!
Missing character: There is no d in font nullfont!
Missing character: There is no o in font nullfont!
Missing character: There is no A in font nullfont!
Missing character: There is no m in font nullfont!
Missing character: There is no a in font nullfont!
Missing character: There is no z in font nullfont!
Missing character: There is no o in font nullfont!
Missing character: There is no n in font nullfont!
Missing character: There is no a in font nullfont!
Missing character: There is no s in font nullfont!
Missing character: There is no , in font nullfont!
Missing character: There is no 2 in font nullfont!
Missing character: There is no 0 in font nullfont!
Missing character: There is no 1 in font nullfont!
Missing character: There is no 5 in font nullfont!
Missing character: There is no . in font nullfont!
Missing character: There is no C in font nullfont!
Missing character: There is no D in font nullfont!
Missing character: There is no U in font nullfont!
Missing character: There is no : in font nullfont!
LaTeX Font Info:    External font `cmex10' loaded for size
(Font)              <7> on input line 47.
LaTeX Font Info:    External font `cmex10' loaded for size
(Font)              <5> on input line 47.

Overfull \hbox (518.94958pt too wide) in paragraph at lines 47--48
 [] 
 []


/home/nicoli/github/nicoli-tcc/tcc2/template-texto/source/fichaCatalografica.tex:49: LaTeX Error: \begin{document} ended by \end{small}.

See the LaTeX manual or LaTeX Companion for explanation.
Type  H <return>  for immediate help.
 ...                                              
                                                  
l.49 \end{small}
                
Your command was ignored.
Type  I <command> <return>  to replace it with another command,
or  <return>  to continue without it.


/home/nicoli/github/nicoli-tcc/tcc2/template-texto/source/fichaCatalografica.tex:50: LaTeX Error: \begin{document} ended by \end{spacing}.

See the LaTeX manual or LaTeX Companion for explanation.
Type  H <return>  for immediate help.
 ...                                              
                                                  
l.50 \end{spacing}
                  
Your command was ignored.
Type  I <command> <return>  to replace it with another command,
or  <return>  to continue without it.


/home/nicoli/github/nicoli-tcc/tcc2/template-texto/source/fichaCatalografica.tex:51: LaTeX Error: The font size command \normalsize is not defined:
               there is probably something wrong with the class file.

See the LaTeX manual or LaTeX Companion for explanation.
Type  H <return>  for immediate help.
 ...                                              
                                                  
l.51  \newpage
              
Your command was ignored.
Type  I <command> <return>  to replace it with another command,
or  <return>  to continue without it.

[1{/var/lib/texmf/fonts/map/pdftex/updmap/pdftex.map}])
! Emergency stop.
<*> fichaCatalografica.tex
                          
*** (job aborted, no legal \end found)

 
Here is how much of TeX's memory you used:
 32 strings out of 492648
 721 string characters out of 6132015
 62554 words of memory out of 5000000
 4010 multiletter control sequences out of 15000+600000
 4345 words of font info for 16 fonts, out of 8000000 for 9000
 1141 hyphenation exceptions out of 8191
 23i,8n,25p,186b,274s stack positions out of 5000i,500n,10000p,200000b,80000s
!  ==> Fatal error occurred, no output PDF file produced!
